#-----------------------------------------------------------
# Vivado v2017.2 (64-bit)
# SW Build 1909853 on Thu Jun 15 18:39:09 MDT 2017
# IP Build 1909766 on Thu Jun 15 19:58:00 MDT 2017
# Start of session at: Sat Dec  2 19:21:19 2017
# Process ID: 9528
# Current directory: D:/Documents/Github/Repositories/TMEH-Project/ConnectFour_Final
# Command line: vivado.exe -gui_launcher_event rodinguilauncherevent7848 D:\Documents\Github\Repositories\TMEH-Project\ConnectFour_Final\ConnectFour_Final.xpr
# Log file: D:/Documents/Github/Repositories/TMEH-Project/ConnectFour_Final/vivado.log
# Journal file: D:/Documents/Github/Repositories/TMEH-Project/ConnectFour_Final\vivado.jou
#-----------------------------------------------------------
start_gui
open_project D:/Documents/Github/Repositories/TMEH-Project/ConnectFour_Final/ConnectFour_Final.xpr
Scanning sources...
Finished scanning sources
INFO: [IP_Flow 19-234] Refreshing IP repositories
INFO: [IP_Flow 19-1704] No user IP repositories specified
INFO: [IP_Flow 19-2313] Loaded Vivado IP repository 'D:/Apps/Vivado/Vivado/2017.2/data/ip'.
open_project: Time (s): cpu = 00:00:15 ; elapsed = 00:00:08 . Memory (MB): peak = 740.422 ; gain = 81.285
update_compile_order -fileset sources_1
exit
INFO: [Common 17-206] Exiting Vivado at Sat Dec  2 19:22:57 2017...
