
**** Build of configuration Debug for project Assignment 2 ****

"C:\\Users\\jonat\\OneDrive\\Documents\\ccs\\utils\\bin\\gmake" -k -j 4 all -O 
 
Building file: "../keypad.c"
Invoking: ARM Compiler
"C:/Users/jonat/OneDrive/Documents/ccs/tools/compiler/ti-cgt-arm_18.12.1.LTS/bin/armcl" -mv7M4 --code_state=16 --float_support=FPv4SPD16 -me --include_path="C:/Users/jonat/OneDrive/Documents/ccs/ccs_base/arm/include" --include_path="C:/Users/jonat/OneDrive/Documents/ccs/ccs_base/arm/include/CMSIS" --include_path="C:/Users/jonat/OneDrive/Documents/GitHub/TMEH-Project/CPE 329/Assignment 2" --include_path="C:/Users/jonat/OneDrive/Documents/ccs/tools/compiler/ti-cgt-arm_18.12.1.LTS/include" --advice:power=all --define=__MSP432P401R__ --define=ccs -g --gcc --diag_warning=225 --diag_wrap=off --display_error_number --abi=eabi --preproc_with_compile --preproc_dependency="keypad.d_raw"  "../keypad.c"
 
>> Compilation failure
subdir_rules.mk:9: recipe for target 'keypad.obj' failed
"..\set_dco.h", line 46: remark #1528-D: (ULP 3.1) Detected flag polling using PCM_CTL1_PMR_BUSY. Recommend using an interrupt combined with enter LPMx and ISR
"..\set_dco.h", line 48: remark #1528-D: (ULP 3.1) Detected flag polling using PCM_CTL1_PMR_BUSY. Recommend using an interrupt combined with enter LPMx and ISR
"..\delay_us.h", line 17: remark #1527-D: (ULP 2.1) Detected SW delay loop using empty loop. Recommend using a timer module instead
"..\delay_us.h", line 22: remark #1527-D: (ULP 2.1) Detected SW delay loop using empty loop. Recommend using a timer module instead
"..\delay_us.h", line 27: remark #1527-D: (ULP 2.1) Detected SW delay loop using empty loop. Recommend using a timer module instead
"..\delay_us.h", line 28: remark #1527-D: (ULP 2.1) Detected SW delay loop using empty loop. Recommend using a timer module instead
"..\delay_us.h", line 32: remark #1527-D: (ULP 2.1) Detected SW delay loop using empty loop. Recommend using a timer module instead
"..\delay_us.h", line 37: remark #1527-D: (ULP 2.1) Detected SW delay loop using empty loop. Recommend using a timer module instead
"..\delay_us.h", line 38: remark #1527-D: (ULP 2.1) Detected SW delay loop using empty loop. Recommend using a timer module instead
"..\delay_us.h", line 42: remark #1527-D: (ULP 2.1) Detected SW delay loop using empty loop. Recommend using a timer module instead
"..\delay_us.h", line 43: remark #1527-D: (ULP 2.1) Detected SW delay loop using empty loop. Recommend using a timer module instead
"..\LCD.h", line 30: error #249: function "LCD_Instr" has already been defined
"..\LCD.h", line 52: error #249: function "LCD_init" has already been defined
"..\LCD.h", line 65: error #249: function "Clear_LCD" has already been defined
"..\LCD.h", line 69: error #249: function "Home_LCD" has already been defined
"..\LCD.h", line 73: error #249: function "LCD_char_write" has already been defined
"..\LCD.h", line 94: error #249: function "LCD_string_write" has already been defined
"..\lock.h", line 41: warning #225-D: function "Check_pound" declared implicitly
"..\lock.h", line 52: warning #994-D: missing return statement at end of non-void function "Lock_fsm"
6 errors detected in the compilation of "../keypad.c".
gmake: *** [keypad.obj] Error 1
gmake: Target 'all' not remade because of errors.

**** Build Finished ****
